--- EvoComp Go-Live Pilot #1 Execution ---

[1] Logging in...
Login successful. User: carlosiramosp20@gmail.com

[2] Creating Cycle FY26_PILOT_001...
Cycle created successfully: FY26_PILOT_001_1772312386978 (ID: 5a8d581a-5b7d-42e8-b781-28e704e49a5c)

[3] Calling Data Import...
Calling import-csv function...
Import function failed. It might not exist or threw an error: Edge Function returned a non-2xx status code
We'll continue assuming talent data might already exist for this tenant, but ideally import should succeed.

[4] Creating Scenario...
Scenario created: Pilot Baseline Scenario (ID: 15918039-88ea-4d3d-9013-6d83f57b4a49)

[5] Running Scenario Engine...
Scenario run started. We will wait 10 seconds for it to complete.
Scenario Run Status: COMPLETED, Remaining Budget: null

[6] Locking all manager plans...
Plans locked: {
  ok: true,
  action: 'lock_all_plans',
  cycle_id: '5a8d581a-5b7d-42e8-b781-28e704e49a5c',
  locked_count: 0
}

[7] Running Validator...
Validation result: OK=false {
  manager_plans_total: 0,
  manager_plans_locked: 0,
  effective_recommendations_count: 0,
  total_recommended_amount: 0
}

[8] Closing Cycle...
Cycle closed: {
  ok: true,
  action: 'close_cycle',
  cycle_id: '5a8d581a-5b7d-42e8-b781-28e704e49a5c'
}

[9] Publishing Results...

Publish failed: Edge Function returned a non-2xx status code
[10] Exporting Payroll...
Export failed: Edge Function returned a non-2xx status code

--- Pilot Execution Completed ---
